<?xml version="1.0" encoding="UTF-8"?>
<!-- Generated by org.testng.reporters.JUnitReportReporter -->
<testsuite hostname="DESKTOP-SLD8Q7B" failures="0" tests="1" name="com.qalegendbilling.testscript.UsersTest" time="42.701" errors="0" timestamp="2023-09-05T12:11:15 GST" skipped="0">
  <testcase classname="com.qalegendbilling.testscript.UsersTest" name="TC_006_verifyAddUserDetails" time="42.701"/>
  <system-out/>
</testsuite> <!-- com.qalegendbilling.testscript.UsersTest -->
