<?xml version="1.0" encoding="UTF-8"?>
<!-- Generated by org.testng.reporters.JUnitReportReporter -->
<testsuite hostname="DESKTOP-SLD8Q7B" failures="0" tests="1" name="com.qalegendbilling.testscript.DeleteUserTest" time="46.893" errors="0" timestamp="2023-09-05T12:21:36 GST" skipped="0">
  <testcase classname="com.qalegendbilling.testscript.DeleteUserTest" name="TC_008_verifyDeleteUserTab" time="46.893"/>
  <system-out/>
</testsuite> <!-- com.qalegendbilling.testscript.DeleteUserTest -->
