<?xml version="1.0" encoding="UTF-8"?>
<!-- Generated by org.testng.reporters.JUnitReportReporter -->
<testsuite hostname="DESKTOP-SLD8Q7B" failures="0" tests="1" name="com.qalegendbilling.testscript.ResetTest" time="13.728" errors="0" timestamp="2023-09-05T09:47:02 GST" skipped="0">
  <testcase classname="com.qalegendbilling.testscript.ResetTest" name="TC_005_errorMessage_Displayed_onthe_Reset_passwordPage_with_InavlidemailID" time="13.728"/>
  <system-out/>
</testsuite> <!-- com.qalegendbilling.testscript.ResetTest -->
