<?xml version="1.0" encoding="UTF-8"?>
<!-- Generated by org.testng.reporters.JUnitReportReporter -->
<testsuite hostname="DESKTOP-SLD8Q7B" failures="0" tests="1" name="com.qalegendbilling.testscript.SignoutTest" time="38.769" errors="0" timestamp="2023-08-30T11:42:07 GST" skipped="0">
  <testcase classname="com.qalegendbilling.testscript.SignoutTest" name="TC_003_verifyuser_isNavigate_to_LoginPage_by_clicking_signout" time="38.769"/>
  <system-out/>
</testsuite> <!-- com.qalegendbilling.testscript.SignoutTest -->
