<?xml version="1.0" encoding="UTF-8"?>
<!-- Generated by org.testng.reporters.JUnitReportReporter -->
<testsuite hostname="DESKTOP-SLD8Q7B" failures="0" tests="1" name="com.qalegendbilling.testscript.UserManagementTest" time="20.998" errors="0" timestamp="2023-09-05T09:47:02 GST" skipped="0">
  <testcase classname="com.qalegendbilling.testscript.UserManagementTest" name="TC_007_verifuUserManagementTabsAreDisplayed" time="20.998"/>
  <system-out/>
</testsuite> <!-- com.qalegendbilling.testscript.UserManagementTest -->
